{"@timestamp":"2024-12-01T01:47:37.7756331+05:00","@version":"1","message":"HV000001: Hibernate Validator 8.0.1.Final","logger_name":"org.hibernate.validator.internal.util.Version","thread_name":"background-preinit","level":"INFO","level_value":20000}
{"@timestamp":"2024-12-01T01:47:37.891434+05:00","@version":"1","message":"Starting Application using Java 21.0.4 with PID 10208 (D:\\T-Bank2024.Fintech-Java-dev-Spring\\build\\classes\\java\\main started by almig in D:\\T-Bank2024.Fintech-Java-dev-Spring)","logger_name":"com.fin.spr.Application","thread_name":"main","level":"INFO","level_value":20000}
{"@timestamp":"2024-12-01T01:47:37.8934312+05:00","@version":"1","message":"The following 1 profile is active: \"prod\"","logger_name":"com.fin.spr.Application","thread_name":"main","level":"INFO","level_value":20000}
{"@timestamp":"2024-12-01T01:47:42.6505501+05:00","@version":"1","message":"Bootstrapping Spring Data JPA repositories in DEFAULT mode.","logger_name":"org.springframework.data.repository.config.RepositoryConfigurationDelegate","thread_name":"main","level":"INFO","level_value":20000}
{"@timestamp":"2024-12-01T01:47:42.894482+05:00","@version":"1","message":"Finished Spring Data repository scanning in 223 ms. Found 4 JPA repository interfaces.","logger_name":"org.springframework.data.repository.config.RepositoryConfigurationDelegate","thread_name":"main","level":"INFO","level_value":20000}
{"@timestamp":"2024-12-01T01:47:46.4208918+05:00","@version":"1","message":"Tomcat initialized with port 8080 (http)","logger_name":"org.springframework.boot.web.embedded.tomcat.TomcatWebServer","thread_name":"main","level":"INFO","level_value":20000}
{"@timestamp":"2024-12-01T01:47:46.4975033+05:00","@version":"1","message":"Initializing ProtocolHandler [\"http-nio-8080\"]","logger_name":"org.apache.coyote.http11.Http11NioProtocol","thread_name":"main","level":"INFO","level_value":20000}
{"@timestamp":"2024-12-01T01:47:46.5095035+05:00","@version":"1","message":"Starting service [Tomcat]","logger_name":"org.apache.catalina.core.StandardService","thread_name":"main","level":"INFO","level_value":20000}
{"@timestamp":"2024-12-01T01:47:46.5104996+05:00","@version":"1","message":"Starting Servlet engine: [Apache Tomcat/10.1.30]","logger_name":"org.apache.catalina.core.StandardEngine","thread_name":"main","level":"INFO","level_value":20000}
{"@timestamp":"2024-12-01T01:47:46.7502226+05:00","@version":"1","message":"Initializing Spring embedded WebApplicationContext","logger_name":"org.apache.catalina.core.ContainerBase.[Tomcat].[localhost].[/]","thread_name":"main","level":"INFO","level_value":20000}
{"@timestamp":"2024-12-01T01:47:46.7532294+05:00","@version":"1","message":"Root WebApplicationContext: initialization completed in 8737 ms","logger_name":"org.springframework.boot.web.servlet.context.ServletWebServerApplicationContext","thread_name":"main","level":"INFO","level_value":20000}
{"@timestamp":"2024-12-01T01:47:47.3530502+05:00","@version":"1","message":"HikariPool-1 - Starting...","logger_name":"com.zaxxer.hikari.HikariDataSource","thread_name":"main","level":"INFO","level_value":20000}
{"@timestamp":"2024-12-01T01:47:48.059284+05:00","@version":"1","message":"HikariPool-1 - Added connection org.postgresql.jdbc.PgConnection@2e7bb00e","logger_name":"com.zaxxer.hikari.pool.HikariPool","thread_name":"main","level":"INFO","level_value":20000}
{"@timestamp":"2024-12-01T01:47:48.08128+05:00","@version":"1","message":"HikariPool-1 - Start completed.","logger_name":"com.zaxxer.hikari.HikariDataSource","thread_name":"main","level":"INFO","level_value":20000}
{"@timestamp":"2024-12-01T01:47:48.617904+05:00","@version":"1","message":"Set default schema name to public","logger_name":"liquibase.database","thread_name":"main","level":"INFO","level_value":20000}
{"@timestamp":"2024-12-01T01:47:50.7031358+05:00","@version":"1","message":"Reading from public.databasechangelog","logger_name":"liquibase.changelog","thread_name":"main","level":"INFO","level_value":20000}
{"@timestamp":"2024-12-01T01:47:50.8161454+05:00","@version":"1","message":"Database is up to date, no changesets to execute","logger_name":"liquibase.ui","thread_name":"main","level":"INFO","level_value":20000}
{"@timestamp":"2024-12-01T01:47:50.8271364+05:00","@version":"1","message":"Reading from public.databasechangelog","logger_name":"liquibase.changelog","thread_name":"main","level":"INFO","level_value":20000}
{"@timestamp":"2024-12-01T01:47:50.8781385+05:00","@version":"1","message":"UPDATE SUMMARY","logger_name":"liquibase.util","thread_name":"main","level":"INFO","level_value":20000}
{"@timestamp":"2024-12-01T01:47:50.8801493+05:00","@version":"1","message":"Run:                          0","logger_name":"liquibase.util","thread_name":"main","level":"INFO","level_value":20000}
{"@timestamp":"2024-12-01T01:47:50.8801493+05:00","@version":"1","message":"Previously run:               8","logger_name":"liquibase.util","thread_name":"main","level":"INFO","level_value":20000}
{"@timestamp":"2024-12-01T01:47:50.8811399+05:00","@version":"1","message":"Filtered out:                 0","logger_name":"liquibase.util","thread_name":"main","level":"INFO","level_value":20000}
{"@timestamp":"2024-12-01T01:47:50.8811399+05:00","@version":"1","message":"-------------------------------","logger_name":"liquibase.util","thread_name":"main","level":"INFO","level_value":20000}
{"@timestamp":"2024-12-01T01:47:50.8821345+05:00","@version":"1","message":"Total change sets:            8","logger_name":"liquibase.util","thread_name":"main","level":"INFO","level_value":20000}
{"@timestamp":"2024-12-01T01:47:50.8841431+05:00","@version":"1","message":"Update summary generated","logger_name":"liquibase.util","thread_name":"main","level":"INFO","level_value":20000}
{"@timestamp":"2024-12-01T01:47:50.8881532+05:00","@version":"1","message":"Command execution complete","logger_name":"liquibase.command","thread_name":"main","level":"INFO","level_value":20000}
{"@timestamp":"2024-12-01T01:47:51.6007603+05:00","@version":"1","message":"HHH000204: Processing PersistenceUnitInfo [name: default]","logger_name":"org.hibernate.jpa.internal.util.LogHelper","thread_name":"main","level":"INFO","level_value":20000}
{"@timestamp":"2024-12-01T01:47:51.8387525+05:00","@version":"1","message":"HHH000412: Hibernate ORM core version 6.5.3.Final","logger_name":"org.hibernate.Version","thread_name":"main","level":"INFO","level_value":20000}
{"@timestamp":"2024-12-01T01:47:51.9645173+05:00","@version":"1","message":"HHH000026: Second-level cache disabled","logger_name":"org.hibernate.cache.internal.RegionFactoryInitiator","thread_name":"main","level":"INFO","level_value":20000}
{"@timestamp":"2024-12-01T01:47:53.1323181+05:00","@version":"1","message":"No LoadTimeWeaver setup: ignoring JPA class transformer","logger_name":"org.springframework.orm.jpa.persistenceunit.SpringPersistenceUnitInfo","thread_name":"main","level":"INFO","level_value":20000}
{"@timestamp":"2024-12-01T01:47:56.9028353+05:00","@version":"1","message":"HHH000489: No JTA platform available (set 'hibernate.transaction.jta.platform' to enable JTA platform integration)","logger_name":"org.hibernate.engine.transaction.jta.platform.internal.JtaPlatformInitiator","thread_name":"main","level":"INFO","level_value":20000}
{"@timestamp":"2024-12-01T01:47:56.9131099+05:00","@version":"1","message":"Initialized JPA EntityManagerFactory for persistence unit 'default'","logger_name":"org.springframework.orm.jpa.LocalContainerEntityManagerFactoryBean","thread_name":"main","level":"INFO","level_value":20000}
{"@timestamp":"2024-12-01T01:47:58.1195866+05:00","@version":"1","message":"Global AuthenticationManager configured with AuthenticationProvider bean with name authenticationProvider","logger_name":"org.springframework.security.config.annotation.authentication.configuration.InitializeAuthenticationProviderBeanManagerConfigurer$InitializeAuthenticationProviderManagerConfigurer","thread_name":"main","level":"INFO","level_value":20000}
{"@timestamp":"2024-12-01T01:47:58.1215846+05:00","@version":"1","message":"Global AuthenticationManager configured with an AuthenticationProvider bean. UserDetailsService beans will not be used for username/password login. Consider removing the AuthenticationProvider bean. Alternatively, consider using the UserDetailsService in a manually instantiated DaoAuthenticationProvider.","logger_name":"org.springframework.security.config.annotation.authentication.configuration.InitializeUserDetailsBeanManagerConfigurer$InitializeUserDetailsManagerConfigurer","thread_name":"main","level":"WARN","level_value":30000}
{"@timestamp":"2024-12-01T01:47:58.6485874+05:00","@version":"1","message":"Hibernate is in classpath; If applicable, HQL parser will be used.","logger_name":"org.springframework.data.jpa.repository.query.QueryEnhancerFactory","thread_name":"main","level":"INFO","level_value":20000}
{"@timestamp":"2024-12-01T01:47:59.987288+05:00","@version":"1","message":"spring.jpa.open-in-view is enabled by default. Therefore, database queries may be performed during view rendering. Explicitly configure spring.jpa.open-in-view to disable this warning","logger_name":"org.springframework.boot.autoconfigure.orm.jpa.JpaBaseConfiguration$JpaWebConfiguration","thread_name":"main","level":"WARN","level_value":30000}
{"@timestamp":"2024-12-01T01:48:01.7916393+05:00","@version":"1","message":"Starting ProtocolHandler [\"http-nio-8080\"]","logger_name":"org.apache.coyote.http11.Http11NioProtocol","thread_name":"main","level":"INFO","level_value":20000}
{"@timestamp":"2024-12-01T01:48:01.8299586+05:00","@version":"1","message":"Tomcat started on port 8080 (http) with context path '/'","logger_name":"org.springframework.boot.web.embedded.tomcat.TomcatWebServer","thread_name":"main","level":"INFO","level_value":20000}
{"@timestamp":"2024-12-01T01:48:01.8584448+05:00","@version":"1","message":"Started Application in 26.575 seconds (process running for 27.905)","logger_name":"com.fin.spr.Application","thread_name":"main","level":"INFO","level_value":20000}
{"@timestamp":"2024-12-01T01:48:01.8766524+05:00","@version":"1","message":"Method initData of class com.fin.spr.services.DataLoaderService started","logger_name":"com.fin.spr.aspects.ExecutionTimeLogger","thread_name":"main","level":"INFO","level_value":20000}
{"@timestamp":"2024-12-01T01:48:01.8766524+05:00","@version":"1","message":"Starting data initialization...","logger_name":"com.fin.spr.services.DataLoaderService","thread_name":"main","level":"INFO","level_value":20000}
{"@timestamp":"2024-12-01T01:48:01.8786521+05:00","@version":"1","message":"Data initialization completed.","logger_name":"com.fin.spr.services.DataLoaderService","thread_name":"main","level":"INFO","level_value":20000}
{"@timestamp":"2024-12-01T01:48:01.8786521+05:00","@version":"1","message":"Method initData of class com.fin.spr.services.DataLoaderService finished. Execution time: 5 ms","logger_name":"com.fin.spr.aspects.ExecutionTimeLogger","thread_name":"main","level":"INFO","level_value":20000}
{"@timestamp":"2024-12-01T01:48:01.8806543+05:00","@version":"1","message":"Data initialization completed with invokeAll.","logger_name":"com.fin.spr.command.DataLoaderInvoker","thread_name":"DataInitScheduler","level":"INFO","level_value":20000}
{"@timestamp":"2024-12-01T01:48:03.4094979+05:00","@version":"1","message":"Categories have been successfully initialized.","logger_name":"com.fin.spr.command.commands.CategoryDataLoaderCommand","thread_name":"DataInitFixedThreadPool","level":"INFO","level_value":20000}
{"@timestamp":"2024-12-01T01:48:03.9538544+05:00","@version":"1","message":"Locations added to data base!","logger_name":"com.fin.spr.services.LocationService","thread_name":"DataInitFixedThreadPool","level":"INFO","level_value":20000}
{"@timestamp":"2024-12-01T01:48:03.9548559+05:00","@version":"1","message":"Locations have been successfully initialized.","logger_name":"com.fin.spr.command.commands.LocationDataLoaderCommand","thread_name":"DataInitFixedThreadPool","level":"INFO","level_value":20000}
{"@timestamp":"2024-12-01T01:48:03.9558564+05:00","@version":"1","message":"Get events from page 1","logger_name":"com.fin.spr.command.commands.LocationDataLoaderCommand","thread_name":"DataInitFixedThreadPool","level":"INFO","level_value":20000}
{"@timestamp":"2024-12-01T01:48:04.700868+05:00","@version":"1","message":"Get successfull from page1","logger_name":"com.fin.spr.command.commands.LocationDataLoaderCommand","thread_name":"DataInitFixedThreadPool","level":"INFO","level_value":20000}
{"@timestamp":"2024-12-01T01:48:04.7018703+05:00","@version":"1","message":"Cnt elements = 100","logger_name":"com.fin.spr.command.commands.LocationDataLoaderCommand","thread_name":"DataInitFixedThreadPool","level":"INFO","level_value":20000}
{"@timestamp":"2024-12-01T01:48:04.7018703+05:00","@version":"1","message":"Get events from page 2","logger_name":"com.fin.spr.command.commands.LocationDataLoaderCommand","thread_name":"DataInitFixedThreadPool","level":"INFO","level_value":20000}
{"@timestamp":"2024-12-01T01:48:05.8691722+05:00","@version":"1","message":"Get successfull from page2","logger_name":"com.fin.spr.command.commands.LocationDataLoaderCommand","thread_name":"DataInitFixedThreadPool","level":"INFO","level_value":20000}
{"@timestamp":"2024-12-01T01:48:05.8709994+05:00","@version":"1","message":"Cnt elements = 100","logger_name":"com.fin.spr.command.commands.LocationDataLoaderCommand","thread_name":"DataInitFixedThreadPool","level":"INFO","level_value":20000}
{"@timestamp":"2024-12-01T01:48:05.871557+05:00","@version":"1","message":"Get events from page 3","logger_name":"com.fin.spr.command.commands.LocationDataLoaderCommand","thread_name":"DataInitFixedThreadPool","level":"INFO","level_value":20000}
{"@timestamp":"2024-12-01T01:48:06.3781702+05:00","@version":"1","message":"Get successfull from page3","logger_name":"com.fin.spr.command.commands.LocationDataLoaderCommand","thread_name":"DataInitFixedThreadPool","level":"INFO","level_value":20000}
{"@timestamp":"2024-12-01T01:48:06.3801686+05:00","@version":"1","message":"Cnt elements = 100","logger_name":"com.fin.spr.command.commands.LocationDataLoaderCommand","thread_name":"DataInitFixedThreadPool","level":"INFO","level_value":20000}
{"@timestamp":"2024-12-01T01:48:06.383153+05:00","@version":"1","message":"Get events from page 4","logger_name":"com.fin.spr.command.commands.LocationDataLoaderCommand","thread_name":"DataInitFixedThreadPool","level":"INFO","level_value":20000}
{"@timestamp":"2024-12-01T01:48:07.5055081+05:00","@version":"1","message":"Get successfull from page4","logger_name":"com.fin.spr.command.commands.LocationDataLoaderCommand","thread_name":"DataInitFixedThreadPool","level":"INFO","level_value":20000}
{"@timestamp":"2024-12-01T01:48:07.5055081+05:00","@version":"1","message":"Cnt elements = 100","logger_name":"com.fin.spr.command.commands.LocationDataLoaderCommand","thread_name":"DataInitFixedThreadPool","level":"INFO","level_value":20000}
{"@timestamp":"2024-12-01T01:48:07.5065052+05:00","@version":"1","message":"Get events from page 5","logger_name":"com.fin.spr.command.commands.LocationDataLoaderCommand","thread_name":"DataInitFixedThreadPool","level":"INFO","level_value":20000}
{"@timestamp":"2024-12-01T01:48:08.0675856+05:00","@version":"1","message":"Get successfull from page5","logger_name":"com.fin.spr.command.commands.LocationDataLoaderCommand","thread_name":"DataInitFixedThreadPool","level":"INFO","level_value":20000}
{"@timestamp":"2024-12-01T01:48:08.0685651+05:00","@version":"1","message":"Cnt elements = 100","logger_name":"com.fin.spr.command.commands.LocationDataLoaderCommand","thread_name":"DataInitFixedThreadPool","level":"INFO","level_value":20000}
{"@timestamp":"2024-12-01T01:48:08.0695667+05:00","@version":"1","message":"Get events from page 6","logger_name":"com.fin.spr.command.commands.LocationDataLoaderCommand","thread_name":"DataInitFixedThreadPool","level":"INFO","level_value":20000}
{"@timestamp":"2024-12-01T01:48:08.7298308+05:00","@version":"1","message":"Get successfull from page6","logger_name":"com.fin.spr.command.commands.LocationDataLoaderCommand","thread_name":"DataInitFixedThreadPool","level":"INFO","level_value":20000}
{"@timestamp":"2024-12-01T01:48:08.7388238+05:00","@version":"1","message":"Cnt elements = 100","logger_name":"com.fin.spr.command.commands.LocationDataLoaderCommand","thread_name":"DataInitFixedThreadPool","level":"INFO","level_value":20000}
{"@timestamp":"2024-12-01T01:48:08.7423681+05:00","@version":"1","message":"Get events from page 7","logger_name":"com.fin.spr.command.commands.LocationDataLoaderCommand","thread_name":"DataInitFixedThreadPool","level":"INFO","level_value":20000}
{"@timestamp":"2024-12-01T01:48:09.5063602+05:00","@version":"1","message":"Get successfull from page7","logger_name":"com.fin.spr.command.commands.LocationDataLoaderCommand","thread_name":"DataInitFixedThreadPool","level":"INFO","level_value":20000}
{"@timestamp":"2024-12-01T01:48:09.5073584+05:00","@version":"1","message":"Cnt elements = 100","logger_name":"com.fin.spr.command.commands.LocationDataLoaderCommand","thread_name":"DataInitFixedThreadPool","level":"INFO","level_value":20000}
{"@timestamp":"2024-12-01T01:48:09.5073584+05:00","@version":"1","message":"Get events from page 8","logger_name":"com.fin.spr.command.commands.LocationDataLoaderCommand","thread_name":"DataInitFixedThreadPool","level":"INFO","level_value":20000}
{"@timestamp":"2024-12-01T01:48:10.3302195+05:00","@version":"1","message":"Get successfull from page8","logger_name":"com.fin.spr.command.commands.LocationDataLoaderCommand","thread_name":"DataInitFixedThreadPool","level":"INFO","level_value":20000}
{"@timestamp":"2024-12-01T01:48:10.3322048+05:00","@version":"1","message":"Cnt elements = 100","logger_name":"com.fin.spr.command.commands.LocationDataLoaderCommand","thread_name":"DataInitFixedThreadPool","level":"INFO","level_value":20000}
{"@timestamp":"2024-12-01T01:48:10.3333349+05:00","@version":"1","message":"Get events from page 9","logger_name":"com.fin.spr.command.commands.LocationDataLoaderCommand","thread_name":"DataInitFixedThreadPool","level":"INFO","level_value":20000}
{"@timestamp":"2024-12-01T01:48:11.2373009+05:00","@version":"1","message":"Get successfull from page9","logger_name":"com.fin.spr.command.commands.LocationDataLoaderCommand","thread_name":"DataInitFixedThreadPool","level":"INFO","level_value":20000}
{"@timestamp":"2024-12-01T01:48:11.2373009+05:00","@version":"1","message":"Cnt elements = 100","logger_name":"com.fin.spr.command.commands.LocationDataLoaderCommand","thread_name":"DataInitFixedThreadPool","level":"INFO","level_value":20000}
{"@timestamp":"2024-12-01T01:48:11.2373009+05:00","@version":"1","message":"Get events from page 10","logger_name":"com.fin.spr.command.commands.LocationDataLoaderCommand","thread_name":"DataInitFixedThreadPool","level":"INFO","level_value":20000}
{"@timestamp":"2024-12-01T01:48:11.7045125+05:00","@version":"1","message":"Get successfull from page10","logger_name":"com.fin.spr.command.commands.LocationDataLoaderCommand","thread_name":"DataInitFixedThreadPool","level":"INFO","level_value":20000}
{"@timestamp":"2024-12-01T01:48:11.7050724+05:00","@version":"1","message":"Cnt elements = 100","logger_name":"com.fin.spr.command.commands.LocationDataLoaderCommand","thread_name":"DataInitFixedThreadPool","level":"INFO","level_value":20000}
{"@timestamp":"2024-12-01T01:48:11.7056298+05:00","@version":"1","message":"Get 10 events pages","logger_name":"com.fin.spr.command.commands.LocationDataLoaderCommand","thread_name":"DataInitFixedThreadPool","level":"INFO","level_value":20000}
{"@timestamp":"2024-12-01T01:48:13.1496494+05:00","@version":"1","message":"Initializing Spring DispatcherServlet 'dispatcherServlet'","logger_name":"org.apache.catalina.core.ContainerBase.[Tomcat].[localhost].[/]","thread_name":"http-nio-8080-exec-1","level":"INFO","level_value":20000}
{"@timestamp":"2024-12-01T01:48:13.150643+05:00","@version":"1","message":"Initializing Servlet 'dispatcherServlet'","logger_name":"org.springframework.web.servlet.DispatcherServlet","thread_name":"http-nio-8080-exec-1","level":"INFO","level_value":20000}
{"@timestamp":"2024-12-01T01:48:13.1566673+05:00","@version":"1","message":"Completed initialization in 5 ms","logger_name":"org.springframework.web.servlet.DispatcherServlet","thread_name":"http-nio-8080-exec-1","level":"INFO","level_value":20000}
{"@timestamp":"2024-12-01T01:48:13.3428946+05:00","@version":"1","message":"Method getAllCategories of class com.fin.spr.controllers.CategoryController started","logger_name":"com.fin.spr.aspects.ExecutionTimeLogger","thread_name":"http-nio-8080-exec-1","level":"INFO","level_value":20000}
{"@timestamp":"2024-12-01T01:48:13.3438974+05:00","@version":"1","message":"Fetching all categories","logger_name":"com.fin.spr.controllers.CategoryController","thread_name":"http-nio-8080-exec-1","level":"INFO","level_value":20000}
{"@timestamp":"2024-12-01T01:48:13.3449027+05:00","@version":"1","message":"Method getAllCategories of class com.fin.spr.controllers.CategoryController finished. Execution time: 2 ms","logger_name":"com.fin.spr.aspects.ExecutionTimeLogger","thread_name":"http-nio-8080-exec-1","level":"INFO","level_value":20000}
{"@timestamp":"2024-12-01T01:48:14.5139984+05:00","@version":"1","message":"Method getAllCategories of class com.fin.spr.controllers.CategoryController started","logger_name":"com.fin.spr.aspects.ExecutionTimeLogger","thread_name":"http-nio-8080-exec-9","level":"INFO","level_value":20000}
{"@timestamp":"2024-12-01T01:48:14.5145996+05:00","@version":"1","message":"Fetching all categories","logger_name":"com.fin.spr.controllers.CategoryController","thread_name":"http-nio-8080-exec-9","level":"INFO","level_value":20000}
{"@timestamp":"2024-12-01T01:48:14.5155722+05:00","@version":"1","message":"Method getAllCategories of class com.fin.spr.controllers.CategoryController finished. Execution time: 2 ms","logger_name":"com.fin.spr.aspects.ExecutionTimeLogger","thread_name":"http-nio-8080-exec-9","level":"INFO","level_value":20000}
{"@timestamp":"2024-12-01T01:48:15.50355+05:00","@version":"1","message":"Method getAllCategories of class com.fin.spr.controllers.CategoryController started","logger_name":"com.fin.spr.aspects.ExecutionTimeLogger","thread_name":"http-nio-8080-exec-3","level":"INFO","level_value":20000}
{"@timestamp":"2024-12-01T01:48:15.5045567+05:00","@version":"1","message":"Fetching all categories","logger_name":"com.fin.spr.controllers.CategoryController","thread_name":"http-nio-8080-exec-3","level":"INFO","level_value":20000}
{"@timestamp":"2024-12-01T01:48:15.5045567+05:00","@version":"1","message":"Method getAllCategories of class com.fin.spr.controllers.CategoryController finished. Execution time: 1 ms","logger_name":"com.fin.spr.aspects.ExecutionTimeLogger","thread_name":"http-nio-8080-exec-3","level":"INFO","level_value":20000}
{"@timestamp":"2024-12-01T01:48:15.9338792+05:00","@version":"1","message":"Events added to data base!","logger_name":"com.fin.spr.services.EventService","thread_name":"DataInitFixedThreadPool","level":"INFO","level_value":20000}
{"@timestamp":"2024-12-01T01:48:15.934878+05:00","@version":"1","message":"Events have been successfully initialized.","logger_name":"com.fin.spr.command.commands.LocationDataLoaderCommand","thread_name":"DataInitFixedThreadPool","level":"INFO","level_value":20000}
{"@timestamp":"2024-12-01T01:48:16.3851608+05:00","@version":"1","message":"Method getAllCategories of class com.fin.spr.controllers.CategoryController started","logger_name":"com.fin.spr.aspects.ExecutionTimeLogger","thread_name":"http-nio-8080-exec-7","level":"INFO","level_value":20000}
{"@timestamp":"2024-12-01T01:48:16.3851608+05:00","@version":"1","message":"Fetching all categories","logger_name":"com.fin.spr.controllers.CategoryController","thread_name":"http-nio-8080-exec-7","level":"INFO","level_value":20000}
{"@timestamp":"2024-12-01T01:48:16.3851608+05:00","@version":"1","message":"Method getAllCategories of class com.fin.spr.controllers.CategoryController finished. Execution time: 0 ms","logger_name":"com.fin.spr.aspects.ExecutionTimeLogger","thread_name":"http-nio-8080-exec-7","level":"INFO","level_value":20000}
